<?xml version="1.0" encoding="UTF-8"?>
<testng-results ignored="0" total="1" passed="1" failed="0" skipped="0">
  <reporter-output>
  </reporter-output>
  <suite started-at="2023-11-30T12:42:24 IST" name="Default suite" finished-at="2023-11-30T12:42:24 IST" duration-ms="58">
    <groups>
    </groups>
    <test started-at="2023-11-30T12:42:24 IST" name="Default test" finished-at="2023-11-30T12:42:24 IST" duration-ms="58">
      <class name="Ex.Ts2Test">
        <test-method signature="run2Test()[pri:0, instance:Ex.Ts2Test@351d00c0]" started-at="2023-11-30T12:42:24 IST" name="run2Test" finished-at="2023-11-30T12:42:24 IST" duration-ms="11" status="PASS">
          <reporter-output>
          </reporter-output>
        </test-method> <!-- run2Test -->
      </class> <!-- Ex.Ts2Test -->
    </test> <!-- Default test -->
  </suite> <!-- Default suite -->
</testng-results>
